app/build/outputs/logs/manifest-merger-debug-report.txt
-- Merging decision tree log ---
manifest
ADDED from AndroidManifest.xml:2:1
	xmlns:android
		ADDED from AndroidManifest.xml:2:11
	package
		ADDED from AndroidManifest.xml:3:11
		INJECTED from AndroidManifest.xml:0:0
		INJECTED from AndroidManifest.xml:0:0
	android:versionName
		ADDED from AndroidManifest.xml:5:11
	android:versionCode
		ADDED from AndroidManifest.xml:4:11
		INJECTED from AndroidManifest.xml:0:0
		INJECTED from AndroidManifest.xml:0:0
	android:installLocation
		ADDED from AndroidManifest.xml:6:11
compatible-screens
ADDED from AndroidManifest.xml:8:5
screen#large+ldpi
ADDED from AndroidManifest.xml:9:9
	android:screenSize
		ADDED from AndroidManifest.xml:10:17
	android:screenDensity
		ADDED from AndroidManifest.xml:11:17
screen#large+mdpi
ADDED from AndroidManifest.xml:12:9
	android:screenSize
		ADDED from AndroidManifest.xml:13:17
	android:screenDensity
		ADDED from AndroidManifest.xml:14:17
screen#large+hdpi
ADDED from AndroidManifest.xml:15:9
	android:screenSize
		ADDED from AndroidManifest.xml:16:17
	android:screenDensity
		ADDED from AndroidManifest.xml:17:17
screen#large+xhdpi
ADDED from AndroidManifest.xml:18:9
	android:screenSize
		ADDED from AndroidManifest.xml:19:17
	android:screenDensity
		ADDED from AndroidManifest.xml:20:17
screen#xlarge+ldpi
ADDED from AndroidManifest.xml:22:9
	android:screenSize
		ADDED from AndroidManifest.xml:23:17
	android:screenDensity
		ADDED from AndroidManifest.xml:24:17
screen#xlarge+mdpi
ADDED from AndroidManifest.xml:25:9
	android:screenSize
		ADDED from AndroidManifest.xml:26:17
	android:screenDensity
		ADDED from AndroidManifest.xml:27:17
screen#xlarge+hdpi
ADDED from AndroidManifest.xml:28:9
	android:screenSize
		ADDED from AndroidManifest.xml:29:17
	android:screenDensity
		ADDED from AndroidManifest.xml:30:17
screen#xlarge+xhdpi
ADDED from AndroidManifest.xml:31:9
	android:screenSize
		ADDED from AndroidManifest.xml:32:17
	android:screenDensity
		ADDED from AndroidManifest.xml:33:17
screen#large+213
ADDED from AndroidManifest.xml:36:9
	android:screenSize
		ADDED from AndroidManifest.xml:37:17
	android:screenDensity
		ADDED from AndroidManifest.xml:38:17
uses-permission#android.permission.INTERNET
ADDED from AndroidManifest.xml:41:5
	android:name
		ADDED from AndroidManifest.xml:41:22
uses-permission#android.permission.ACCESS_NETWORK_STATE
ADDED from AndroidManifest.xml:42:5
	android:name
		ADDED from AndroidManifest.xml:42:22
uses-permission#android.permission.WRITE_EXTERNAL_STORAGE
ADDED from AndroidManifest.xml:43:5
	android:name
		ADDED from AndroidManifest.xml:43:22
uses-feature#android.hardware.camera
ADDED from AndroidManifest.xml:45:5
	android:required
		ADDED from AndroidManifest.xml:47:13
	android:name
		ADDED from AndroidManifest.xml:46:13
uses-sdk
ADDED from AndroidManifest.xml:48:5
MERGED from com.android.support:support-v4:21.0.3:15:5
	android:targetSdkVersion
		ADDED from AndroidManifest.xml:50:13
		INJECTED from AndroidManifest.xml:0:0
		INJECTED from AndroidManifest.xml:0:0
	android:minSdkVersion
		ADDED from AndroidManifest.xml:49:13
		INJECTED from AndroidManifest.xml:0:0
		INJECTED from AndroidManifest.xml:0:0
application
ADDED from AndroidManifest.xml:52:5
MERGED from com.android.support:support-v4:21.0.3:16:5
	android:label
		ADDED from AndroidManifest.xml:53:13
	android:debuggable
		ADDED from AndroidManifest.xml:58:13
	android:icon
		ADDED from AndroidManifest.xml:54:13
	android:largeHeap
		ADDED from AndroidManifest.xml:57:13
	android:clearTaskOnLaunch
		ADDED from AndroidManifest.xml:55:13
	android:name
		ADDED from AndroidManifest.xml:56:13
activity#org.ei.telemedicine.view.activity.LoginActivity
ADDED from AndroidManifest.xml:59:9
	android:windowSoftInputMode
		ADDED from AndroidManifest.xml:63:17
	android:screenOrientation
		ADDED from AndroidManifest.xml:64:17
	android:theme
		ADDED from AndroidManifest.xml:61:17
	android:clearTaskOnLaunch
		ADDED from AndroidManifest.xml:62:17
	android:name
		ADDED from AndroidManifest.xml:60:17
intent-filter#android.intent.action.MAIN+android.intent.category.LAUNCHER
ADDED from AndroidManifest.xml:65:13
action#android.intent.action.MAIN
ADDED from AndroidManifest.xml:66:17
	android:name
		ADDED from AndroidManifest.xml:66:25
category#android.intent.category.LAUNCHER
ADDED from AndroidManifest.xml:67:17
	android:name
		ADDED from AndroidManifest.xml:67:27
activity#org.ei.telemedicine.view.activity.HomeActivity
ADDED from AndroidManifest.xml:70:9
	android:screenOrientation
		ADDED from AndroidManifest.xml:72:17
	android:name
		ADDED from AndroidManifest.xml:71:17
activity#org.ei.telemedicine.view.activity.ReportsActivity
ADDED from AndroidManifest.xml:73:9
	android:screenOrientation
		ADDED from AndroidManifest.xml:76:17
	android:theme
		ADDED from AndroidManifest.xml:75:17
	android:name
		ADDED from AndroidManifest.xml:74:17
activity#org.ei.telemedicine.view.activity.VideosActivity
ADDED from AndroidManifest.xml:77:9
	android:screenOrientation
		ADDED from AndroidManifest.xml:80:17
	android:theme
		ADDED from AndroidManifest.xml:79:17
	android:name
		ADDED from AndroidManifest.xml:78:17
activity#org.ei.telemedicine.view.activity.ReportIndicatorListViewActivity
ADDED from AndroidManifest.xml:81:9
	android:screenOrientation
		ADDED from AndroidManifest.xml:84:17
	android:theme
		ADDED from AndroidManifest.xml:83:17
	android:name
		ADDED from AndroidManifest.xml:82:17
activity#org.ei.telemedicine.view.activity.ReportIndicatorDetailActivity
ADDED from AndroidManifest.xml:85:9
	android:screenOrientation
		ADDED from AndroidManifest.xml:88:17
	android:theme
		ADDED from AndroidManifest.xml:87:17
	android:name
		ADDED from AndroidManifest.xml:86:17
activity#org.ei.telemedicine.view.activity.ReportIndicatorCaseListActivity
ADDED from AndroidManifest.xml:89:9
	android:screenOrientation
		ADDED from AndroidManifest.xml:92:17
	android:theme
		ADDED from AndroidManifest.xml:91:17
	android:name
		ADDED from AndroidManifest.xml:90:17
activity#org.ei.telemedicine.view.activity.EligibleCoupleDetailActivity
ADDED from AndroidManifest.xml:93:9
	android:screenOrientation
		ADDED from AndroidManifest.xml:96:17
	android:theme
		ADDED from AndroidManifest.xml:95:17
	android:name
		ADDED from AndroidManifest.xml:94:17
activity#org.ei.telemedicine.view.activity.ANCDetailActivity
ADDED from AndroidManifest.xml:97:9
	android:screenOrientation
		ADDED from AndroidManifest.xml:100:17
	android:theme
		ADDED from AndroidManifest.xml:99:17
	android:name
		ADDED from AndroidManifest.xml:98:17
activity#org.ei.telemedicine.view.activity.PNCDetailActivity
ADDED from AndroidManifest.xml:101:9
	android:screenOrientation
		ADDED from AndroidManifest.xml:104:17
	android:theme
		ADDED from AndroidManifest.xml:103:17
	android:name
		ADDED from AndroidManifest.xml:102:17
activity#org.ei.telemedicine.view.activity.ChildDetailActivity
ADDED from AndroidManifest.xml:105:9
	android:screenOrientation
		ADDED from AndroidManifest.xml:108:17
	android:theme
		ADDED from AndroidManifest.xml:107:17
	android:name
		ADDED from AndroidManifest.xml:106:17
activity#org.ei.telemedicine.view.activity.CameraLaunchActivity
ADDED from AndroidManifest.xml:109:9
	android:screenOrientation
		ADDED from AndroidManifest.xml:112:17
	android:theme
		ADDED from AndroidManifest.xml:111:17
	android:name
		ADDED from AndroidManifest.xml:110:17
activity#org.ei.telemedicine.view.activity.ECSmartRegisterActivity
ADDED from AndroidManifest.xml:113:9
	android:screenOrientation
		ADDED from AndroidManifest.xml:116:17
	android:theme
		ADDED from AndroidManifest.xml:115:17
	android:name
		ADDED from AndroidManifest.xml:114:17
activity#org.ei.telemedicine.view.activity.FPSmartRegisterActivity
ADDED from AndroidManifest.xml:117:9
	android:screenOrientation
		ADDED from AndroidManifest.xml:120:17
	android:theme
		ADDED from AndroidManifest.xml:119:17
	android:name
		ADDED from AndroidManifest.xml:118:17
activity#org.ei.telemedicine.view.activity.ANCSmartRegisterActivity
ADDED from AndroidManifest.xml:121:9
	android:screenOrientation
		ADDED from AndroidManifest.xml:124:17
	android:theme
		ADDED from AndroidManifest.xml:123:17
	android:name
		ADDED from AndroidManifest.xml:122:17
activity#org.ei.telemedicine.view.activity.PNCSmartRegisterActivity
ADDED from AndroidManifest.xml:125:9
	android:screenOrientation
		ADDED from AndroidManifest.xml:128:17
	android:theme
		ADDED from AndroidManifest.xml:127:17
	android:name
		ADDED from AndroidManifest.xml:126:17
activity#org.ei.telemedicine.view.activity.ChildSmartRegisterActivity
ADDED from AndroidManifest.xml:129:9
	android:screenOrientation
		ADDED from AndroidManifest.xml:132:17
	android:theme
		ADDED from AndroidManifest.xml:131:17
	android:name
		ADDED from AndroidManifest.xml:130:17
activity#org.ei.telemedicine.view.activity.FormActivity
ADDED from AndroidManifest.xml:133:9
	android:screenOrientation
		ADDED from AndroidManifest.xml:136:17
	android:theme
		ADDED from AndroidManifest.xml:135:17
	android:name
		ADDED from AndroidManifest.xml:134:17
activity#org.ei.telemedicine.view.activity.MicroFormActivity
ADDED from AndroidManifest.xml:137:9
	android:screenOrientation
		ADDED from AndroidManifest.xml:140:17
	android:theme
		ADDED from AndroidManifest.xml:139:17
	android:name
		ADDED from AndroidManifest.xml:138:17
activity#org.ei.telemedicine.view.activity.NativeECSmartRegisterActivity
ADDED from AndroidManifest.xml:141:9
	android:screenOrientation
		ADDED from AndroidManifest.xml:143:17
	android:theme
		ADDED from AndroidManifest.xml:144:17
	android:name
		ADDED from AndroidManifest.xml:142:17
activity#org.ei.telemedicine.view.activity.NativeChildSmartRegisterActivity
ADDED from AndroidManifest.xml:146:9
	android:screenOrientation
		ADDED from AndroidManifest.xml:148:17
	android:theme
		ADDED from AndroidManifest.xml:149:17
	android:name
		ADDED from AndroidManifest.xml:147:17
activity#org.ei.telemedicine.view.activity.NativeFPSmartRegisterActivity
ADDED from AndroidManifest.xml:151:9
	android:screenOrientation
		ADDED from AndroidManifest.xml:153:17
	android:theme
		ADDED from AndroidManifest.xml:154:17
	android:name
		ADDED from AndroidManifest.xml:152:17
activity#org.ei.telemedicine.view.activity.NativeANCSmartRegisterActivity
ADDED from AndroidManifest.xml:156:9
	android:screenOrientation
		ADDED from AndroidManifest.xml:158:17
	android:theme
		ADDED from AndroidManifest.xml:159:17
	android:name
		ADDED from AndroidManifest.xml:157:17
activity#org.ei.telemedicine.view.activity.NativePNCSmartRegisterActivity
ADDED from AndroidManifest.xml:162:9
	android:screenOrientation
		ADDED from AndroidManifest.xml:164:17
	android:theme
		ADDED from AndroidManifest.xml:165:17
	android:name
		ADDED from AndroidManifest.xml:163:17
activity#org.ei.telemedicine.view.activity.NativeHomeActivity
ADDED from AndroidManifest.xml:168:9
	android:screenOrientation
		ADDED from AndroidManifest.xml:169:19
	android:name
		ADDED from AndroidManifest.xml:168:19
receiver#org.ei.telemedicine.view.receiver.SyncBroadcastReceiver
ADDED from AndroidManifest.xml:172:9
	android:name
		ADDED from AndroidManifest.xml:172:19
receiver#org.ei.telemedicine.view.receiver.ConnectivityChangeReceiver
ADDED from AndroidManifest.xml:173:9
	android:name
		ADDED from AndroidManifest.xml:173:19
intent-filter#android.net.conn.CONNECTIVITY_CHANGE
ADDED from AndroidManifest.xml:174:13
action#android.net.conn.CONNECTIVITY_CHANGE
ADDED from AndroidManifest.xml:175:17
	android:name
		ADDED from AndroidManifest.xml:175:25